018c27b5-a84f-7169-6924-948f40894119
018c27b5-ac61-71f9-1b94-124e22eed45d
018c27b5-b079-713e-4877-71e8dc2f6540
018c27b5-b46d-7182-12b3-4981b1b8ef1a
018c27b5-b85e-71d1-9cba-aff8bf7428b9
018c27b5-bc40-71e3-1fe2-2e1b47ceaf7d
018c27b5-c01b-71f1-db14-ef7fe2b35b24
018c27b5-c40d-715e-85b6-adf2cb9bbca0
018c27b5-c804-713d-c810-17b8e3225296
018c27b5-cbfc-71b0-aff9-e633d7e40300
018c27b5-cffa-716e-790c-d2123652d30b
018c27b5-d3e0-71c2-3039-df8d690d00d7
018c27b5-d7cf-71a3-fedc-26a1a2155ae7
018c27b5-dbab-7121-d1e2-1d517a65436f
018c27b5-df80-7101-b102-31968c34b5c1
018c27b5-e37f-71e4-40a4-3187eba6fc57
018c27b5-e767-7119-1161-9c83daf7ed51
018c27b5-eb58-7136-6897-c4151b706a5c
018c27b5-ef4f-718a-a7d8-1325063d5d54
018c27b5-f34f-716b-858c-8500c5f7fc2c
018c27b5-f73f-71de-54fc-d2ca07f8b120
018c27b5-fb4b-7175-fe03-e36a7200ef28
018c27b5-ff4b-7114-8e4b-ed64a711ecba
018c27b6-0344-710d-bf73-30790a6dfc45
018c27b6-0727-7114-cf0a-c21d1a71d26e
018c27b6-0b0b-71e7-011f-639638d7727b
018c27b6-0f52-71dc-2628-5ed2dd5ab667
018c27b6-133b-7177-8204-eccae0f7f06b
018c27b6-1717-71e1-f008-f05cd2c5bfa9
018c27b6-1b05-7140-2e5a-f505f1f25e8d
018c27b6-1eda-71fb-6683-9f1998027152
018c27b6-22df-7144-873e-269ec0faec72
018c27b6-26e2-7126-48e9-d9015eab7784
018c27b6-2adb-7118-be9a-ecc331f3b4d9
018c27b6-2ef4-712d-884f-c5f630754913
018c27b6-32de-716a-1881-4a770e45a5da
018c27b6-36c3-71f6-b7cb-f90c0e101948
018c27b6-3add-713d-1ab8-b0f211f51de5
018c27b6-3edf-7179-feb3-0cfb5d8ee280
018c27b6-42dc-71d9-fa1f-3b7f4b182933
018c27b6-46d2-718e-1b06-0eee13a27f7f
018c27b6-4b13-710c-7aed-980802e65e07
018c27b6-4f20-71a9-c475-c364840c137e
018c27b6-5366-7136-e21f-ce4196ec8006
018c27b6-5807-719f-5919-2b4a8edc80df
018c27b6-5c57-7146-8226-53ae45b07ab4
018c27b6-609b-7115-2564-bbff3e8a57fd
018c27b6-64c5-71aa-f938-9082f6bcd20f
018c27b6-68d9-716b-fcce-1270796f5e97
018c27b6-6cf7-712f-8323-4a18179472f4
