Experiment page is available at http://localhost/experiment/018cf499-9596-7128-263e-2a3ce168cc83
Experiment page is available at http://localhost/experiment/018cf499-95ef-7134-52f1-ee49dc1f579c
Experiment page is available at http://localhost/experiment/018cf499-964f-7109-f954-65bf8bc6d3ab
Experiment page is available at http://localhost/experiment/018cf499-96aa-714f-1e4c-ba7358a83998
Experiment page is available at http://localhost/experiment/018cf499-9703-7189-cd71-b85d3468779f
Experiment page is available at http://localhost/experiment/018cf499-975b-7189-95f2-8f91641fc650
Experiment page is available at http://localhost/experiment/018cf499-97b1-716e-758d-fff1a3a8b396
Experiment page is available at http://localhost/experiment/018cf499-983d-71d3-0d3c-511ca0f8741a
Experiment page is available at http://localhost/experiment/018cf499-98a2-711c-0a4d-e9b1b195d077
Experiment page is available at http://localhost/experiment/018cf499-98fb-71a2-df6c-c0c65aefd0ed
Experiment page is available at http://localhost/experiment/018cf499-9950-7187-5c2d-fcf649743ad7
Experiment page is available at http://localhost/experiment/018cf499-99a3-7130-5614-6e4735339b25
Experiment page is available at http://localhost/experiment/018cf499-99fb-7135-57fa-97e89f24f47f
Experiment page is available at http://localhost/experiment/018cf499-9a53-71f0-1321-589955da90e2
Experiment page is available at http://localhost/experiment/018cf499-9aab-713f-dc77-175303dc2f7b
Experiment page is available at http://localhost/experiment/018cf499-9b02-71d9-1a62-da9427972fc5
Experiment page is available at http://localhost/experiment/018cf499-9b5d-714e-a2af-3f301579af80
Experiment page is available at http://localhost/experiment/018cf499-9bb2-71f7-e4c6-ffaee47ecd93
Experiment page is available at http://localhost/experiment/018cf499-9c07-71d4-c8af-64b0be86c256
Experiment page is available at http://localhost/experiment/018cf499-9c6f-713b-d006-7122ee5f09a2
Experiment page is available at http://localhost/experiment/018cf499-9cc3-71be-e55f-f2f75450f621
Experiment page is available at http://localhost/experiment/018cf499-9d17-713c-0133-c81cb8d80e2c
Experiment page is available at http://localhost/experiment/018cf499-9d6e-7121-1378-a1df29878b7b
Experiment page is available at http://localhost/experiment/018cf499-9dcf-718a-2244-d27eb6ff58dc
Experiment page is available at http://localhost/experiment/018cf499-9e22-7187-63c1-f31425aa1685
Experiment page is available at http://localhost/experiment/018cf499-9e78-710c-47be-79a015818ebc
Experiment page is available at http://localhost/experiment/018cf499-9ed0-71ba-f72d-5220cb69622a
Experiment page is available at http://localhost/experiment/018cf499-9f29-71e7-202e-b7e43eb201a8
Experiment page is available at http://localhost/experiment/018cf499-9f8c-71d6-3570-075e417035d2
Experiment page is available at http://localhost/experiment/018cf499-9fe1-71d7-b0ce-7ff729605f5d
Experiment page is available at http://localhost/experiment/018cf499-a039-7116-0697-80e290a6b9b5
Experiment page is available at http://localhost/experiment/018cf499-a094-71c2-555a-097e9eea0a0e
Experiment page is available at http://localhost/experiment/018cf499-a0f1-714c-14d3-a1905d719da4
Experiment page is available at http://localhost/experiment/018cf499-a1ab-71d1-e2b6-6422c3c22fd4
Experiment page is available at http://localhost/experiment/018cf499-a213-718d-af6c-328414db268c
Experiment page is available at http://localhost/experiment/018cf499-a26b-7197-9b4a-b39210230d89
Experiment page is available at http://localhost/experiment/018cf499-a2cf-711b-efb1-61d4fdae3b70
Experiment page is available at http://localhost/experiment/018cf499-a31f-71cc-ca0b-7cdd58aff867
Experiment page is available at http://localhost/experiment/018cf499-a39d-7191-20ce-124fd0536c75
Experiment page is available at http://localhost/experiment/018cf499-a3ff-7144-cc45-a7af6b895963
Experiment page is available at http://localhost/experiment/018cf499-a450-71e6-8793-b678ae24ab5a
Experiment page is available at http://localhost/experiment/018cf499-a4b1-7173-4ebf-ffd99c9798ed
Experiment page is available at http://localhost/experiment/018cf499-a517-7148-d77d-fba18ee66a73
Experiment page is available at http://localhost/experiment/018cf499-a567-7198-9c82-12ac664043cf
Experiment page is available at http://localhost/experiment/018cf499-a5da-71b6-dd49-63f401e28b86
Experiment page is available at http://localhost/experiment/018cf499-a636-7155-fb1f-5e4c4565e86b
Experiment page is available at http://localhost/experiment/018cf499-a688-7106-e84d-c088f0c223a0
Experiment page is available at http://localhost/experiment/018cf499-a6e8-71b3-d160-d94cf16acbde
Experiment page is available at http://localhost/experiment/018cf499-a742-715d-0139-b144a3a62db4
Experiment page is available at http://localhost/experiment/018cf499-a794-7126-7c4a-b77cc0568160
Experiment page is available at http://localhost/experiment/018cf499-a84e-71ff-ad7c-3f24c06e2274
Experiment page is available at http://localhost/experiment/018cf499-a912-7197-90d5-17cf8d260a3b
Experiment page is available at http://localhost/experiment/018cf499-a962-71ee-141c-fcb4c7277529
Experiment page is available at http://localhost/experiment/018cf499-a9b5-71a3-2de0-ec0a2e6d44ab
Experiment page is available at http://localhost/experiment/018cf499-aa12-714a-6b9a-a2b484d85f15
Experiment page is available at http://localhost/experiment/018cf499-aa62-71c5-02c0-5b26dbe80679
Experiment page is available at http://localhost/experiment/018cf499-aab6-712e-18cb-e69b704e6d32
Experiment page is available at http://localhost/experiment/018cf499-ab17-717d-eb71-243a7ebffef5
Experiment page is available at http://localhost/experiment/018cf499-ab67-7111-7b1c-1330c0fa911c
Experiment page is available at http://localhost/experiment/018cf499-abb9-714f-e0e6-b780607b4156
Experiment page is available at http://localhost/experiment/018cf499-ac1f-71ff-c122-2fbdc6df922f
Experiment page is available at http://localhost/experiment/018cf499-acc4-716a-467c-5e43d292ced2
Experiment page is available at http://localhost/experiment/018cf499-ad34-714d-e18f-2a24ae701a9b
Experiment page is available at http://localhost/experiment/018cf499-ad8a-7141-2247-6ec27ff287ea
Experiment page is available at http://localhost/experiment/018cf499-ade3-719f-436d-3a96b632be1c
Experiment page is available at http://localhost/experiment/018cf499-ae41-71ff-1d53-564e0197dd6c
Experiment page is available at http://localhost/experiment/018cf499-ae95-713c-24f0-9b4bc6e42db8
Experiment page is available at http://localhost/experiment/018cf499-aee6-71d7-976c-c8f49a4c5ad1
Experiment page is available at http://localhost/experiment/018cf499-af4e-713e-a8be-dfbaec3fe8b5
Experiment page is available at http://localhost/experiment/018cf499-afa1-7172-fcd9-a92d64dfc3ec
Experiment page is available at http://localhost/experiment/018cf499-aff4-7123-b559-b9d5a76aaba8
Experiment page is available at http://localhost/experiment/018cf499-b05e-71db-712d-59f5a9e0c76c
Experiment page is available at http://localhost/experiment/018cf499-b0b2-7163-a084-722877786bc3
Experiment page is available at http://localhost/experiment/018cf499-b109-710a-c575-755cc7d6a5a1
Experiment page is available at http://localhost/experiment/018cf499-b16b-7109-f41d-06d89adb3a46
Experiment page is available at http://localhost/experiment/018cf499-b1bf-7104-2fcc-a36d8a0929c1
Experiment page is available at http://localhost/experiment/018cf499-b22a-71a5-c6bf-82f29aac735c
Experiment page is available at http://localhost/experiment/018cf499-b29e-7173-8cc2-864923364a17
Experiment page is available at http://localhost/experiment/018cf499-b306-71fd-ec89-75fed261cbae
Experiment page is available at http://localhost/experiment/018cf499-b388-710d-4db6-c5fc8ae156e4
Experiment page is available at http://localhost/experiment/018cf499-b3eb-7178-63a8-c1574c63e312
Experiment page is available at http://localhost/experiment/018cf499-b453-71ed-0bfd-bc4bad13744b
Experiment page is available at http://localhost/experiment/018cf499-b511-7125-ff1f-1401a05c6309
Experiment page is available at http://localhost/experiment/018cf499-b577-71ae-b05a-5282f4e87211
Experiment page is available at http://localhost/experiment/018cf499-b5e9-7132-2ff9-df4e3fb6145c
Experiment page is available at http://localhost/experiment/018cf499-b63b-7100-e991-9cc4dac58ed4
Experiment page is available at http://localhost/experiment/018cf499-b68b-7137-c243-f045fe692da2
Experiment page is available at http://localhost/experiment/018cf499-b704-712a-8c6c-c18f6f022e43
Experiment page is available at http://localhost/experiment/018cf499-b754-7167-e214-42ed2d6a3ff7
Experiment page is available at http://localhost/experiment/018cf499-b7a8-710c-beb9-5c7541a4113f
Experiment page is available at http://localhost/experiment/018cf499-b87d-71d9-a2d4-c7044a667e0e
Experiment page is available at http://localhost/experiment/018cf499-b98d-71f1-e5ab-e4c2062f9abd
Experiment page is available at http://localhost/experiment/018cf499-baa5-71ae-eaec-6e48cf94c441
Experiment page is available at http://localhost/experiment/018cf499-bbfa-71b6-53b5-ace2523ae2c5
Experiment page is available at http://localhost/experiment/018cf499-bd1b-711c-f40d-d49e20557aa4
Experiment page is available at http://localhost/experiment/018cf499-bd98-71f5-99db-d85a8f190098
Experiment page is available at http://localhost/experiment/018cf499-be3b-71a8-fccc-e70721aaafd7
Experiment page is available at http://localhost/experiment/018cf499-bec4-713d-91fd-4098551e3d2f
Experiment page is available at http://localhost/experiment/018cf499-bf2d-71a2-1c8d-3b571dd6ac6d
Experiment page is available at http://localhost/experiment/018cf499-bfd6-719f-19d3-0ca27b2c4d89
Experiment page is available at http://localhost/experiment/018cf499-c033-7128-8c5b-bb09b60e4bed
Experiment page is available at http://localhost/experiment/018cf499-c0b1-71a6-0029-048f73cd73e5
Experiment page is available at http://localhost/experiment/018cf499-c145-717e-9b25-c84ae4138edd
Experiment page is available at http://localhost/experiment/018cf499-c1a4-71e0-bd70-427097418e8b
Experiment page is available at http://localhost/experiment/018cf499-c244-71e2-b5cb-f9c184d5156c
Experiment page is available at http://localhost/experiment/018cf499-c2a1-71ac-d98a-12c6ec603917
Experiment page is available at http://localhost/experiment/018cf499-c347-71ce-db33-8c7ada49345d
Experiment page is available at http://localhost/experiment/018cf499-c3c1-714b-1c9d-34a0c18d1b3f
Experiment page is available at http://localhost/experiment/018cf499-c424-712b-c99a-8f1ebf4868c6
Experiment page is available at http://localhost/experiment/018cf499-c487-71f6-6de9-7af28a079115
Experiment page is available at http://localhost/experiment/018cf499-c4dd-71f7-5e9d-631e0693f6eb
Experiment page is available at http://localhost/experiment/018cf499-c532-7111-1793-f877e4724e85
Experiment page is available at http://localhost/experiment/018cf499-c5a1-710f-9244-56a4bc38c8e4
Experiment page is available at http://localhost/experiment/018cf499-c5f3-7120-95c6-931e5cec63cf
Experiment page is available at http://localhost/experiment/018cf499-c64d-71c7-a162-79990677d2b3
Experiment page is available at http://localhost/experiment/018cf499-c6a9-7126-3ce4-a63d85920128
Experiment page is available at http://localhost/experiment/018cf499-c702-71c8-2e9f-09cc3a695972
Experiment page is available at http://localhost/experiment/018cf499-c76b-714b-72ab-da5ffa333267
Experiment page is available at http://localhost/experiment/018cf499-c7c5-71b3-5f34-9f5b6dcf2f98
Experiment page is available at http://localhost/experiment/018cf499-c81a-714c-2d10-cf4d71733254
Experiment page is available at http://localhost/experiment/018cf499-c87f-71a3-6475-33d235646e6e
Experiment page is available at http://localhost/experiment/018cf499-c8df-7132-3705-4ba81327f9a1
Experiment page is available at http://localhost/experiment/018cf499-c933-7135-f8c0-f850fd776b85
Experiment page is available at http://localhost/experiment/018cf499-c99b-715e-5e6c-996fe3521bcb
Experiment page is available at http://localhost/experiment/018cf499-c9ec-711a-0596-e31af4eeb8b1
Experiment page is available at http://localhost/experiment/018cf499-ca3d-71bb-f233-67e1d92b8c29
Experiment page is available at http://localhost/experiment/018cf499-ca9d-7128-1ce0-6c7f48e9555b
Experiment page is available at http://localhost/experiment/018cf499-cb02-71d8-fc26-b56c4c32a060
Experiment page is available at http://localhost/experiment/018cf499-cb61-713e-52ab-c613d4d91f8a
Experiment page is available at http://localhost/experiment/018cf499-cbb4-71ce-8915-43e81e5e4686
Experiment page is available at http://localhost/experiment/018cf499-cc07-712d-5710-1c5a89948c6c
Experiment page is available at http://localhost/experiment/018cf499-cc64-719b-a81c-eb1507a77cdb
Experiment page is available at http://localhost/experiment/018cf499-ccbc-7119-b014-a73b7cb2a132
Experiment page is available at http://localhost/experiment/018cf499-cd0e-71f6-d5de-2413b859143f
Experiment page is available at http://localhost/experiment/018cf499-cd65-7155-d25c-8f52bc3981fa
Experiment page is available at http://localhost/experiment/018cf499-cdcb-71f1-2c04-d4065063c99f
Experiment page is available at http://localhost/experiment/018cf499-ce1e-71a7-eeed-26f1f6766ea6
Experiment page is available at http://localhost/experiment/018cf499-ce79-7131-71eb-4669a7b3936e
Experiment page is available at http://localhost/experiment/018cf499-cede-7102-35cd-23e6d1352a58
Experiment page is available at http://localhost/experiment/018cf499-cf3c-7177-b723-a6940eef71a1
Experiment page is available at http://localhost/experiment/018cf499-cfa2-7100-2cf0-bc370bfd9f4c
Experiment page is available at http://localhost/experiment/018cf499-d004-715e-132b-6ca94ea01531
Experiment page is available at http://localhost/experiment/018cf499-d05a-7103-4cc8-2fb2fadb9a21
Experiment page is available at http://localhost/experiment/018cf499-d0b5-715a-a68c-0528640e05ee
Experiment page is available at http://localhost/experiment/018cf499-d10d-71a3-e49a-39dfcb91036c
Experiment page is available at http://localhost/experiment/018cf499-d166-719f-2688-cc898082216f
Experiment page is available at http://localhost/experiment/018cf499-d1bd-7110-8745-36b8515d46aa
Experiment page is available at http://localhost/experiment/018cf499-d217-717b-17c9-a99a5e5488e0
Experiment page is available at http://localhost/experiment/018cf499-d26f-71b6-2999-85c92c228cd1
Experiment page is available at http://localhost/experiment/018cf499-d2d7-71eb-1d88-86529ef8e164
Experiment page is available at http://localhost/experiment/018cf499-d33d-7108-233e-34a5503101dd
Experiment page is available at http://localhost/experiment/018cf499-d3a1-7145-948e-4a51979d17f4
Experiment page is available at http://localhost/experiment/018cf499-d3fd-717d-5076-4d4f9f7fe291
Experiment page is available at http://localhost/experiment/018cf499-d451-7127-d8c4-183ac04ef37b
Experiment page is available at http://localhost/experiment/018cf499-d4ac-71ec-6e00-88c4b31a2977
Experiment page is available at http://localhost/experiment/018cf499-d507-7146-e70b-49b4fa9557b8
Experiment page is available at http://localhost/experiment/018cf499-d55c-71dc-a881-6881dc65af74
Experiment page is available at http://localhost/experiment/018cf499-d5bb-71fd-97b1-6bf90d18e14e
Experiment page is available at http://localhost/experiment/018cf499-d612-717b-cb16-a3a37dba0fb8
Experiment page is available at http://localhost/experiment/018cf499-d66c-719f-a640-5680f9269b6a
Experiment page is available at http://localhost/experiment/018cf499-d6ca-71f3-7c7b-39fdabc106b7
Experiment page is available at http://localhost/experiment/018cf499-d73c-7172-2e4a-1e02633bc5d1
Experiment page is available at http://localhost/experiment/018cf499-d7b0-7165-ccd6-4c007ba64175
Experiment page is available at http://localhost/experiment/018cf499-d809-7114-9ecf-5b1755c30831
Experiment page is available at http://localhost/experiment/018cf499-d88a-7137-9cc0-42f13e9ae7c3
Experiment page is available at http://localhost/experiment/018cf499-d8e4-710f-39a9-bf69828aae0e
Experiment page is available at http://localhost/experiment/018cf499-d93d-7194-83f1-b21252bafc86
Experiment page is available at http://localhost/experiment/018cf499-d991-71f1-279c-f20e6f241ceb
Experiment page is available at http://localhost/experiment/018cf499-d9e2-71f7-dae9-25f0e7705da3
Experiment page is available at http://localhost/experiment/018cf499-da38-713f-bf26-2953172e3988
Experiment page is available at http://localhost/experiment/018cf499-da90-714b-760f-feae8e6922d6
Experiment page is available at http://localhost/experiment/018cf499-daed-7187-8322-25e168a47b13
Experiment page is available at http://localhost/experiment/018cf499-db59-7169-0b09-b2a2dfe9d7c0
Experiment page is available at http://localhost/experiment/018cf499-dbba-7117-2370-d6a8f67221c8
Experiment page is available at http://localhost/experiment/018cf499-dc21-7110-14fb-e2adc4d9e11f
Experiment page is available at http://localhost/experiment/018cf499-dc79-71e2-c7f6-d947aa15d70d
Experiment page is available at http://localhost/experiment/018cf499-dcdd-7161-21f5-845866504041
Experiment page is available at http://localhost/experiment/018cf499-dd31-7174-9a98-cd302573e801
Experiment page is available at http://localhost/experiment/018cf499-dd92-716e-b6af-291612bcd04f
Experiment page is available at http://localhost/experiment/018cf499-ddeb-7177-b71d-b831cced96b8
Experiment page is available at http://localhost/experiment/018cf499-de45-71a7-9938-db8b3c9d3bee
Experiment page is available at http://localhost/experiment/018cf499-dea9-7172-9ff6-8c0d5ff7dc87
Experiment page is available at http://localhost/experiment/018cf499-df01-71f2-4d7e-ea92d4bc18b7
Experiment page is available at http://localhost/experiment/018cf499-df5c-71fb-11d4-f8696ed57d72
Experiment page is available at http://localhost/experiment/018cf499-dfb4-7118-93d5-27f0ca9a6e4c
Experiment page is available at http://localhost/experiment/018cf499-e014-7105-3407-e89f865da22a
Experiment page is available at http://localhost/experiment/018cf499-e06f-71ea-82e0-b62700e731d6
Experiment page is available at http://localhost/experiment/018cf499-e0c6-7100-c5b5-5ec165fde82a
Experiment page is available at http://localhost/experiment/018cf499-e11a-71d7-7bc5-8b391b5a5a2f
Experiment page is available at http://localhost/experiment/018cf499-e173-7178-abee-ec96cb4645cf
Experiment page is available at http://localhost/experiment/018cf499-e1d9-7174-dc30-c20e17242dfb
Experiment page is available at http://localhost/experiment/018cf499-e24b-711e-f81c-c4773537854d
Experiment page is available at http://localhost/experiment/018cf499-e2ab-7145-852a-da4b260998a4
Experiment page is available at http://localhost/experiment/018cf499-e32d-71ce-fc0b-c38975311fef
Experiment page is available at http://localhost/experiment/018cf499-e38f-7192-7dc2-4986f3116597
Experiment page is available at http://localhost/experiment/018cf499-e3fb-71ee-14f2-6f1658eaff06
Experiment page is available at http://localhost/experiment/018cf499-e452-71ae-d0f0-4cb3a629b083
Experiment page is available at http://localhost/experiment/018cf499-e4ac-71e4-4ef2-add2d9f9c5cf
Experiment page is available at http://localhost/experiment/018cf499-e503-71ae-0062-b5d2199bc73a
Experiment page is available at http://localhost/experiment/018cf499-e561-71d4-e3af-14db6c008833
Experiment page is available at http://localhost/experiment/018cf499-e5c1-7119-df9d-dcda52a62c42
Experiment page is available at http://localhost/experiment/018cf499-e621-71ce-c8d2-3560a4e22d38
Experiment page is available at http://localhost/experiment/018cf499-e688-719b-4ed8-48cf829c404e
Experiment page is available at http://localhost/experiment/018cf499-e6e2-7174-f91e-bfecc0b45609
Experiment page is available at http://localhost/experiment/018cf499-e74f-713a-8674-6c826e76ac7c
Experiment page is available at http://localhost/experiment/018cf499-e7b0-7146-dc8b-c87e6aa1b7e9
Experiment page is available at http://localhost/experiment/018cf499-e81d-710f-d024-3766585b2a35
Experiment page is available at http://localhost/experiment/018cf499-e89c-7139-a79e-872923379ced
Experiment page is available at http://localhost/experiment/018cf499-e8f5-7164-0914-2fe0b957528a
Experiment page is available at http://localhost/experiment/018cf499-e956-719e-504e-0fe04ab19e82
Experiment page is available at http://localhost/experiment/018cf499-e9da-717c-250d-c3c39d75967e
Experiment page is available at http://localhost/experiment/018cf499-eaaf-7182-d716-522420e5e3d8
Experiment page is available at http://localhost/experiment/018cf499-eb05-710d-2851-ebcb70ee0acc
Experiment page is available at http://localhost/experiment/018cf499-eb60-716b-a52a-6df01f8a4c02
Experiment page is available at http://localhost/experiment/018cf499-ebbf-71be-f20c-879ce3d2956a
Experiment page is available at http://localhost/experiment/018cf499-ec0d-71ae-e7db-11df7c13c44e
Experiment page is available at http://localhost/experiment/018cf2df-fa9d-71c2-fb30-e618d22b43e2
Experiment page is available at http://localhost/experiment/018cf2df-faf2-71c0-529f-6975520d6eb5
Experiment page is available at http://localhost/experiment/018cf2df-fb42-71c2-920e-aa74f9736786
Experiment page is available at http://localhost/experiment/018cf2df-fb94-7154-6524-2abac62d0608
Experiment page is available at http://localhost/experiment/018cf2df-fbe4-71d7-b5e5-7496199118b7
Experiment page is available at http://localhost/experiment/018cf2df-fc3d-7141-f5b5-3b9841868a4e
Experiment page is available at http://localhost/experiment/018cf2df-fc90-71d3-a199-33eeed47a532
Experiment page is available at http://localhost/experiment/018cf2df-fd0f-715d-c8b7-bd8fa3464e49
Experiment page is available at http://localhost/experiment/018cf2df-fd6c-7192-4ba3-69bd7a04f322
Experiment page is available at http://localhost/experiment/018cf2df-fdc6-7164-1139-907cc210b51a
Experiment page is available at http://localhost/experiment/018cf2df-fe19-71d3-52a4-d15368792306
Experiment page is available at http://localhost/experiment/018cf2df-fe69-71e5-ee01-4ad25979058d
Experiment page is available at http://localhost/experiment/018cf2df-feb8-7115-8d20-a9d08c162172
Experiment page is available at http://localhost/experiment/018cf2df-ff07-714d-8ddc-dac03eb7c696
Experiment page is available at http://localhost/experiment/018cf2df-ff56-71a5-b02b-f34efd9da45f
Experiment page is available at http://localhost/experiment/018cf2df-ffa4-7165-92ab-3d399c216535
Experiment page is available at http://localhost/experiment/018cf2df-fff5-7100-d2e1-334236c58614
Experiment page is available at http://localhost/experiment/018cf2e0-0044-71f9-c0fa-c4eda1b033b4
Experiment page is available at http://localhost/experiment/018cf2e0-0093-7139-93c9-332ab6ddc08e
Experiment page is available at http://localhost/experiment/018cf2e0-00e2-71a6-7e3b-1557fc7f1c21
Experiment page is available at http://localhost/experiment/018cf2e0-0130-7155-ef3e-a847cb78fc77
Experiment page is available at http://localhost/experiment/018cf2e0-017e-7135-366e-5b46329903a3
Experiment page is available at http://localhost/experiment/018cf2e0-01d1-7151-e8bc-1af31c241fa4
Experiment page is available at http://localhost/experiment/018cf2e0-0223-7117-d12b-8fbeb89b2aa7
Experiment page is available at http://localhost/experiment/018cf2e0-0272-712e-3926-df1526744ba3
Experiment page is available at http://localhost/experiment/018cf2e0-02c2-718c-db86-6b3f70eb808d
Experiment page is available at http://localhost/experiment/018cf2e0-0310-71ff-6369-4eaf9f139d07
Experiment page is available at http://localhost/experiment/018cf2e0-035f-7195-d274-3f6ea3b05fa3
Experiment page is available at http://localhost/experiment/018cf2e0-03ae-71ee-f117-d11ff6248304
Experiment page is available at http://localhost/experiment/018cf2e0-03ff-7198-cb95-cd03d0360aeb
Experiment page is available at http://localhost/experiment/018cf2e0-044e-710f-14ee-334771b97339
Experiment page is available at http://localhost/experiment/018cf2e0-049b-7182-27e8-aaa0d64edc57
Experiment page is available at http://localhost/experiment/018cf2e0-04ea-7176-da97-1f851f6ff749
Experiment page is available at http://localhost/experiment/018cf2e0-0539-7149-0e83-92af03968b1b
Experiment page is available at http://localhost/experiment/018cf2e0-0587-7149-50e0-c442df5d84bf
Experiment page is available at http://localhost/experiment/018cf2e0-05d7-7192-3f63-2c9f5793dd0f
Experiment page is available at http://localhost/experiment/018cf2e0-0626-71d9-a944-948c31513231
Experiment page is available at http://localhost/experiment/018cf2e0-0674-71dc-96cc-ef3f604bfe17
Experiment page is available at http://localhost/experiment/018cf2e0-06c4-7193-946a-e40ef34784ab
Experiment page is available at http://localhost/experiment/018cf2e0-0713-7143-1a45-4ba7749f6d86
Experiment page is available at http://localhost/experiment/018cf2e0-0763-71b7-e6a1-59ab4b192400
Experiment page is available at http://localhost/experiment/018cf2e0-07b2-7126-6779-dae77c54326c
Experiment page is available at http://localhost/experiment/018cf2e0-0801-7125-3abf-2b507c68ddd1
Experiment page is available at http://localhost/experiment/018cf2e0-084f-71f3-6001-30d8e44c7bf2
Experiment page is available at http://localhost/experiment/018cf2e0-089e-71b0-6480-d7a7ba7b55bf
Experiment page is available at http://localhost/experiment/018cf2e0-08ef-7103-0b64-15c1f65f7ae0
Experiment page is available at http://localhost/experiment/018cf2e0-093f-7194-1c12-dd518d8fa97a
Experiment page is available at http://localhost/experiment/018cf2e0-098c-7163-446c-adb645c25365
Experiment page is available at http://localhost/experiment/018cf2e0-09dc-710e-4977-b662692602f0
Experiment page is available at http://localhost/experiment/018cf2e0-0a2d-7196-d379-d7a67d2f8c3c
Experiment page is available at http://localhost/experiment/018cf2e0-0a7c-7103-ca7c-cc1c55b7c6b1
Experiment page is available at http://localhost/experiment/018cf2e0-0acc-7117-b2ea-aa33ad23fbd8
Experiment page is available at http://localhost/experiment/018cf2e0-0b1b-71ef-52d2-2f997e539d8c
Experiment page is available at http://localhost/experiment/018cf2e0-0b6b-71e5-e0c3-559369614857
Experiment page is available at http://localhost/experiment/018cf2e0-0bbc-7138-85f4-460e6876ff44
Experiment page is available at http://localhost/experiment/018cf2e0-0c0c-7137-cfe0-23a3d9a2e1b4
Experiment page is available at http://localhost/experiment/018cf2e0-0c5a-718b-9451-386f76a468c4
Experiment page is available at http://localhost/experiment/018cf2e0-0ca9-719a-092a-0a9375cd134e
Experiment page is available at http://localhost/experiment/018cf2e0-0cf9-7173-c15c-6bf95b9fc05d
Experiment page is available at http://localhost/experiment/018cf2e0-0d4d-7189-fc15-e1d811db4989
Experiment page is available at http://localhost/experiment/018cf2e0-0d9c-718b-e159-aea9b800756f
Experiment page is available at http://localhost/experiment/018cf2e0-0df3-71dc-05b7-344cb2f3faf8
Experiment page is available at http://localhost/experiment/018cf2e0-0e66-71bd-c6f5-bd1f1b290dc8
Experiment page is available at http://localhost/experiment/018cf2e0-0eb5-71fa-9137-1699e3e92722
Experiment page is available at http://localhost/experiment/018cf2e0-0f04-71b1-da3b-ade98c13723b
Experiment page is available at http://localhost/experiment/018cf2e0-0f52-7159-9b3c-558c33337e5e
Experiment page is available at http://localhost/experiment/018cf2e0-0fa0-71b7-b971-0acbd53eb086
Experiment page is available at http://localhost/experiment/018cf2e0-0fef-7157-32ed-324defb519a6
Experiment page is available at http://localhost/experiment/018cf2e0-103d-7144-dee6-fd590cb2a065
Experiment page is available at http://localhost/experiment/018cf2e0-108b-7115-5dd8-7fc6ebb312cf
Experiment page is available at http://localhost/experiment/018cf2e0-10db-71e3-0c3f-683d3d119316
Experiment page is available at http://localhost/experiment/018cf2e0-112c-7190-e712-b85784d8b51e
Experiment page is available at http://localhost/experiment/018cf760-34bd-7132-ab99-0f7b8c92da0b
Experiment page is available at http://localhost/experiment/018cf760-3536-7183-c9d3-f90e7a0ef922
Experiment page is available at http://localhost/experiment/018cf760-358e-714c-4999-a8c99e24e102
Experiment page is available at http://localhost/experiment/018cf760-35e6-71dc-09ad-8b6e1f0a2b56
Experiment page is available at http://localhost/experiment/018cf760-3639-714b-489b-a98f7d721501
Experiment page is available at http://localhost/experiment/018cf760-3696-7174-a3d3-979d5f1328e6
Experiment page is available at http://localhost/experiment/018cf760-36fc-7139-f7a5-f19d23f5ac34
Experiment page is available at http://localhost/experiment/018cf760-3765-71bb-0efb-5183dee389d9
Experiment page is available at http://localhost/experiment/018cf760-37bb-71eb-fe2d-cac4b70372d5
Experiment page is available at http://localhost/experiment/018cf760-380e-7196-e0c7-089e63869b1b
Experiment page is available at http://localhost/experiment/018cf760-3862-7194-4596-e9b8198f2830
Experiment page is available at http://localhost/experiment/018cf760-38bb-71bb-e289-28cd3416226d
Experiment page is available at http://localhost/experiment/018cf760-390a-71cd-c611-01e41a96ee09
Experiment page is available at http://localhost/experiment/018cf760-3959-714d-fc91-dba2f6f90f41
Experiment page is available at http://localhost/experiment/018cf760-39ab-7112-af02-41ca0fb8ccfe
Experiment page is available at http://localhost/experiment/018cf760-39fd-71e1-3a38-b77c6d63eddc
Experiment page is available at http://localhost/experiment/018cf760-3a4d-7124-129f-3682ad9bb806
Experiment page is available at http://localhost/experiment/018cf760-3a9b-71ef-5d4b-6dfea5bfbdae
Experiment page is available at http://localhost/experiment/018cf760-3aeb-71e4-4f7d-5bd0335ca756
Experiment page is available at http://localhost/experiment/018cf760-3b3c-71b3-6ec2-d17b3c00467a
Experiment page is available at http://localhost/experiment/018cf760-3b8b-7173-bfd0-b0a317e0afc3
Experiment page is available at http://localhost/experiment/018cf760-3be3-71bc-267c-c1b6647a3016
Experiment page is available at http://localhost/experiment/018cf760-3c32-71ce-83e2-c93968fe5997
Experiment page is available at http://localhost/experiment/018cf760-3c7f-7115-66e5-469a80a5d71c
Experiment page is available at http://localhost/experiment/018cf760-3cd1-714f-12c1-b4ba906710d5
Experiment page is available at http://localhost/experiment/018cf760-3d1f-7197-0836-560e5b1af3cc
Experiment page is available at http://localhost/experiment/018cf760-3d6c-710e-ffc9-9c19911dc9e5
Experiment page is available at http://localhost/experiment/018cf760-3dbe-7103-f162-4ade38a72288
Experiment page is available at http://localhost/experiment/018cf760-3e0c-713e-02dc-4367a501147e
Experiment page is available at http://localhost/experiment/018cf760-3e5a-714c-c977-8eb994e86ce9
Experiment page is available at http://localhost/experiment/018cf760-3eaa-71cd-ac34-a8e20a6ae01e
Experiment page is available at http://localhost/experiment/018cf760-3efd-7139-afa2-84276514fa96
Experiment page is available at http://localhost/experiment/018cf760-3f4b-7181-4c2b-97314291b748
Experiment page is available at http://localhost/experiment/018cf760-3f99-7108-380a-a9d07e3f39fd
Experiment page is available at http://localhost/experiment/018cf760-3ff1-71bb-fb46-fa8b9aabb1e1
Experiment page is available at http://localhost/experiment/018cf760-4040-7122-bf6a-42065a6b9693
Experiment page is available at http://localhost/experiment/018cf760-408e-719a-fef4-03a15202d0b0
Experiment page is available at http://localhost/experiment/018cf760-40df-7135-3031-618b1571a60c
Experiment page is available at http://localhost/experiment/018cf760-412c-7182-731a-dbc734ba7f9f
Experiment page is available at http://localhost/experiment/018cf760-417a-7100-58bd-cd1be0870c23
Experiment page is available at http://localhost/experiment/018cf760-41cd-7152-124f-23613672b7bd
Experiment page is available at http://localhost/experiment/018cf760-421b-71f2-49ba-9d7e984850ca
Experiment page is available at http://localhost/experiment/018cf760-4268-7112-a252-b4424c8ed90e
Experiment page is available at http://localhost/experiment/018cf760-42ba-712b-c706-3ed15eb02c83
Experiment page is available at http://localhost/experiment/018cf760-430d-7152-77e3-5722e25bf998
Experiment page is available at http://localhost/experiment/018cf760-435b-71c6-7825-8f24486bf8c9
Experiment page is available at http://localhost/experiment/018cf760-43a8-7145-2f17-3ada76fcd77c
Experiment page is available at http://localhost/experiment/018cf760-4400-7197-565d-2c3b6094f81e
Experiment page is available at http://localhost/experiment/018cf760-444e-71d1-501f-ab3b2781e5a1
Experiment page is available at http://localhost/experiment/018cf760-449c-718e-efe9-13369ecdc313
Experiment page is available at http://localhost/experiment/018cf760-44f4-710c-ef75-c4b52f402ea0
Experiment page is available at http://localhost/experiment/018cf760-4542-71fd-b024-eb9154bd8201
Experiment page is available at http://localhost/experiment/018cf760-4590-71ac-a577-f9c04ed97583
Experiment page is available at http://localhost/experiment/018cf760-45e5-7195-85c5-ab666da0506d
Experiment page is available at http://localhost/experiment/018cf760-4635-7183-b1b0-5d5969fa218b
Experiment page is available at http://localhost/experiment/018cf760-4684-7133-3118-d2740193c665
Experiment page is available at http://localhost/experiment/018cf760-46d3-713c-4d10-99f08b99afff
Experiment page is available at http://localhost/experiment/018cf760-4725-71c4-4966-b235dae08b10
Experiment page is available at http://localhost/experiment/018cf760-4776-71a2-09bd-ef7b260345c7
Experiment page is available at http://localhost/experiment/018cf760-47c4-71d3-f3a6-bf8d711b9971
Experiment page is available at http://localhost/experiment/018cf760-4815-71f4-eed6-9c9557f99c52
Experiment page is available at http://localhost/experiment/018cf760-4865-71fa-555b-00688f8cd505
Experiment page is available at http://localhost/experiment/018cf760-48b3-718b-90f9-18cd3985fa58
Experiment page is available at http://localhost/experiment/018cf760-4901-71e9-09ee-146f9d724c8f
Experiment page is available at http://localhost/experiment/018cf760-4950-71c8-3a71-c29005b9915f
Experiment page is available at http://localhost/experiment/018cf760-49a0-71c3-9284-ef4cf47841d3
Experiment page is available at http://localhost/experiment/018cf760-49ee-7156-6eef-0ad221b21dfd
Experiment page is available at http://localhost/experiment/018cf760-4a3d-71b4-b4ae-561e892e01d6
Experiment page is available at http://localhost/experiment/018cf760-4a8b-71ea-0b4b-612ca1821b9e
Experiment page is available at http://localhost/experiment/018cf760-4ad9-7181-5ad4-9ddf0fe8f4b3
Experiment page is available at http://localhost/experiment/018cf760-4b2d-719e-ef95-52fc45db97b0
Experiment page is available at http://localhost/experiment/018cf760-4b7c-71ab-9df0-1e14cb44a196
Experiment page is available at http://localhost/experiment/018cf760-4bca-7113-324b-0c06ea5f494f
Experiment page is available at http://localhost/experiment/018cf760-4c1d-71b4-8940-d364c61c8c09
Experiment page is available at http://localhost/experiment/018cf760-4c6b-71e3-790e-e971efc25cfe
Experiment page is available at http://localhost/experiment/018cf760-4cb9-7197-6681-53703843194a
Experiment page is available at http://localhost/experiment/018cf760-4d09-71f7-6f8a-0c5dd2317e71
Experiment page is available at http://localhost/experiment/018cf760-4d58-71ed-0d9e-e00904f41720
Experiment page is available at http://localhost/experiment/018cf760-4da6-711a-7306-fc3441e87be3
Experiment page is available at http://localhost/experiment/018cf760-4df9-7151-5182-5eb93458f017
Experiment page is available at http://localhost/experiment/018cf760-4e47-717f-fab7-5b38e6f2c35a
Experiment page is available at http://localhost/experiment/018cf760-4e94-7145-bb2d-5a7d7834efe9
Experiment page is available at http://localhost/experiment/018cf760-4ee6-714f-26f7-5d465753a7c7
Experiment page is available at http://localhost/experiment/018cf760-4f37-7122-201b-d938470d6265
Experiment page is available at http://localhost/experiment/018cf760-4f87-713b-d41a-a399a2a1709e
Experiment page is available at http://localhost/experiment/018cf760-4fd8-7121-58dd-86f89d764e02
Experiment page is available at http://localhost/experiment/018cf760-502c-7146-8b1a-f009e9a5f0f6
Experiment page is available at http://localhost/experiment/018cf760-5078-7103-96e2-4ec180201e2c
Experiment page is available at http://localhost/experiment/018cf760-50c4-7149-14c8-eaf88c09a813
Experiment page is available at http://localhost/experiment/018cf760-511b-7146-ee31-3e59d37bb5fb
Experiment page is available at http://localhost/experiment/018cf760-5184-7176-ef9f-c935f9c6cf1e
Experiment page is available at http://localhost/experiment/018cf760-51d6-71d6-fdaf-b636209ebef8
Experiment page is available at http://localhost/experiment/018cf760-522a-715e-71e2-62f8033a9af2
Experiment page is available at http://localhost/experiment/018cf760-5277-7177-33bb-f4eca62fce8e
Experiment page is available at http://localhost/experiment/018cf760-52c7-71ce-d614-0ec64d884c9b
Experiment page is available at http://localhost/experiment/018cf760-5320-7185-b2f2-bfd8ea68bd32
Experiment page is available at http://localhost/experiment/018cf760-536d-7186-40d5-33ce94f23ded
Experiment page is available at http://localhost/experiment/018cf760-53bc-7127-c4a1-fdbf38ba543a
Experiment page is available at http://localhost/experiment/018cf760-5419-71aa-a4cc-0dcd06fffb16
Experiment page is available at http://localhost/experiment/018cf760-5467-7167-0595-5851ffae4e2f
Experiment page is available at http://localhost/experiment/018cf760-54b5-71e0-4980-7fa428decbc0
Experiment page is available at http://localhost/experiment/018cf760-5503-710e-5157-8db752f42507
Experiment page is available at http://localhost/experiment/018cf760-5551-71d1-eb77-768906911e28
Experiment page is available at http://localhost/experiment/018cf760-559f-71f9-6550-516e2bc4ed2f
Experiment page is available at http://localhost/experiment/018cf760-55ef-71fa-999b-5ef97afaec9d
Experiment page is available at http://localhost/experiment/018cf760-5640-7105-2d1d-6e26fda2f199
Experiment page is available at http://localhost/experiment/018cf760-5690-71e7-5055-05ab669ad434
Experiment page is available at http://localhost/experiment/018cf760-56de-711e-65f6-326f11160a10
Experiment page is available at http://localhost/experiment/018cf760-573b-718c-e5d1-4894b0742e4c
Experiment page is available at http://localhost/experiment/018cf760-5789-7135-d436-a9b6ec5e882b
Experiment page is available at http://localhost/experiment/018cf760-57d7-7127-aa50-7cbfb7ef8083
Experiment page is available at http://localhost/experiment/018cf760-5827-7163-0e4f-03fe1c1608e3
Experiment page is available at http://localhost/experiment/018cf760-5875-719d-0663-b48e139b6dd2
Experiment page is available at http://localhost/experiment/018cf760-58c1-7180-9a6c-a2f9c70ea001
Experiment page is available at http://localhost/experiment/018cf760-590f-7108-b15a-35b45887614b
Experiment page is available at http://localhost/experiment/018cf760-595d-7154-58ab-239ca859949c
Experiment page is available at http://localhost/experiment/018cf760-59ac-7144-245d-5573a8118290
Experiment page is available at http://localhost/experiment/018cf760-59fa-7111-ca37-085ea27b64b0
Experiment page is available at http://localhost/experiment/018cf760-5a4a-71bc-c0b0-31e77d3ae775
Experiment page is available at http://localhost/experiment/018cf760-5a9a-713f-cb11-1cbb81fa795d
Experiment page is available at http://localhost/experiment/018cf760-5ae9-71dd-e094-1655bb973110
Experiment page is available at http://localhost/experiment/018cf760-5b42-717e-490c-5de04147112e
Experiment page is available at http://localhost/experiment/018cf760-5b8f-7118-6076-6e515b9485ec
Experiment page is available at http://localhost/experiment/018cf760-5bdc-7146-fc20-a79d1e639fb1
Experiment page is available at http://localhost/experiment/018cf760-5c2b-7100-daad-178e17ab1b66
Experiment page is available at http://localhost/experiment/018cf760-5c78-7184-ed23-e57bb7f0c2a6
Experiment page is available at http://localhost/experiment/018cf760-5cc7-7158-b080-30c5e7702986
Experiment page is available at http://localhost/experiment/018cf760-5d18-71ee-46bc-6c788590f3b6
Experiment page is available at http://localhost/experiment/018cf760-5d68-715b-094f-68f80cc752db
Experiment page is available at http://localhost/experiment/018cf760-5db4-7190-7623-96bf4be2fa60
Experiment page is available at http://localhost/experiment/018cf760-5e01-7128-a926-677e66559d23
Experiment page is available at http://localhost/experiment/018cf760-5e52-7155-0f06-4eaa3b75e36f
Experiment page is available at http://localhost/experiment/018cf760-5e9f-7180-0885-847da5388312
Experiment page is available at http://localhost/experiment/018cf760-5eee-71a3-dabc-1338020af36b
Experiment page is available at http://localhost/experiment/018cf760-5f46-717d-a95a-6d5b05f89a10
Experiment page is available at http://localhost/experiment/018cf760-5f95-7186-48d6-fd25d9e558da
Experiment page is available at http://localhost/experiment/018cf760-5fe4-716f-1eec-dcc836539a0f
Experiment page is available at http://localhost/experiment/018cf760-6033-71a0-fed2-831671da90f0
Experiment page is available at http://localhost/experiment/018cf760-6082-71fc-ba6d-739677174038
Experiment page is available at http://localhost/experiment/018cf760-60d1-7183-fce2-37519d53218a
Experiment page is available at http://localhost/experiment/018cf760-6124-717d-3ded-64dd44a7e587
Experiment page is available at http://localhost/experiment/018cf760-6173-7150-81db-b9ab2423df79
Experiment page is available at http://localhost/experiment/018cf760-61c2-7101-e936-c6a0336a5dca
Experiment page is available at http://localhost/experiment/018cf760-6216-7175-4920-81c6dad31a8f
